{"/Users/jorgerios/Documents/GitHub/Todo-list-1/src/functions.js": {"path":"/Users/jorgerios/Documents/GitHub/Todo-list-1/src/functions.js","statementMap":{"0":{"start":{"line":3,"column":12},"end":{"line":3,"column":14}},"1":{"start":{"line":4,"column":16},"end":{"line":4,"column":21}},"2":{"start":{"line":5,"column":15},"end":{"line":5,"column":19}},"3":{"start":{"line":6,"column":17},"end":{"line":8,"column":1}},"4":{"start":{"line":7,"column":2},"end":{"line":7,"column":55}},"5":{"start":{"line":10,"column":16},"end":{"line":17,"column":1}},"6":{"start":{"line":11,"column":19},"end":{"line":11,"column":60}},"7":{"start":{"line":12,"column":2},"end":{"line":16,"column":3}},"8":{"start":{"line":13,"column":4},"end":{"line":13,"column":15}},"9":{"start":{"line":15,"column":4},"end":{"line":15,"column":21}},"10":{"start":{"line":18,"column":25},"end":{"line":26,"column":1}},"11":{"start":{"line":19,"column":2},"end":{"line":24,"column":5}},"12":{"start":{"line":20,"column":4},"end":{"line":22,"column":5}},"13":{"start":{"line":21,"column":6},"end":{"line":21,"column":54}},"14":{"start":{"line":23,"column":4},"end":{"line":23,"column":17}},"15":{"start":{"line":25,"column":2},"end":{"line":25,"column":13}},"16":{"start":{"line":28,"column":21},"end":{"line":92,"column":1}},"17":{"start":{"line":29,"column":22},"end":{"line":29,"column":59}},"18":{"start":{"line":30,"column":2},"end":{"line":30,"column":29}},"19":{"start":{"line":31,"column":2},"end":{"line":90,"column":3}},"20":{"start":{"line":31,"column":15},"end":{"line":31,"column":16}},"21":{"start":{"line":32,"column":24},"end":{"line":32,"column":52}},"22":{"start":{"line":33,"column":4},"end":{"line":33,"column":38}},"23":{"start":{"line":36,"column":24},"end":{"line":36,"column":53}},"24":{"start":{"line":37,"column":4},"end":{"line":37,"column":46}},"25":{"start":{"line":39,"column":21},"end":{"line":39,"column":52}},"26":{"start":{"line":40,"column":4},"end":{"line":40,"column":46}},"27":{"start":{"line":41,"column":4},"end":{"line":41,"column":46}},"28":{"start":{"line":42,"column":4},"end":{"line":42,"column":42}},"29":{"start":{"line":43,"column":4},"end":{"line":45,"column":7}},"30":{"start":{"line":44,"column":6},"end":{"line":44,"column":33}},"31":{"start":{"line":47,"column":17},"end":{"line":47,"column":44}},"32":{"start":{"line":48,"column":4},"end":{"line":48,"column":42}},"33":{"start":{"line":50,"column":4},"end":{"line":50,"column":38}},"34":{"start":{"line":51,"column":4},"end":{"line":51,"column":34}},"35":{"start":{"line":54,"column":23},"end":{"line":54,"column":52}},"36":{"start":{"line":55,"column":4},"end":{"line":55,"column":40}},"37":{"start":{"line":56,"column":20},"end":{"line":56,"column":52}},"38":{"start":{"line":57,"column":4},"end":{"line":57,"column":38}},"39":{"start":{"line":58,"column":4},"end":{"line":58,"column":36}},"40":{"start":{"line":59,"column":4},"end":{"line":59,"column":43}},"41":{"start":{"line":60,"column":4},"end":{"line":60,"column":53}},"42":{"start":{"line":61,"column":4},"end":{"line":63,"column":7}},"43":{"start":{"line":62,"column":6},"end":{"line":62,"column":25}},"44":{"start":{"line":65,"column":22},"end":{"line":65,"column":54}},"45":{"start":{"line":66,"column":4},"end":{"line":66,"column":42}},"46":{"start":{"line":67,"column":4},"end":{"line":67,"column":38}},"47":{"start":{"line":68,"column":4},"end":{"line":68,"column":45}},"48":{"start":{"line":69,"column":4},"end":{"line":69,"column":52}},"49":{"start":{"line":70,"column":4},"end":{"line":72,"column":7}},"50":{"start":{"line":71,"column":6},"end":{"line":71,"column":33}},"51":{"start":{"line":74,"column":20},"end":{"line":74,"column":52}},"52":{"start":{"line":75,"column":4},"end":{"line":75,"column":38}},"53":{"start":{"line":76,"column":4},"end":{"line":76,"column":43}},"54":{"start":{"line":77,"column":4},"end":{"line":77,"column":59}},"55":{"start":{"line":78,"column":4},"end":{"line":81,"column":7}},"56":{"start":{"line":79,"column":6},"end":{"line":79,"column":41}},"57":{"start":{"line":80,"column":6},"end":{"line":80,"column":43}},"58":{"start":{"line":83,"column":4},"end":{"line":83,"column":36}},"59":{"start":{"line":84,"column":4},"end":{"line":84,"column":38}},"60":{"start":{"line":85,"column":4},"end":{"line":85,"column":36}},"61":{"start":{"line":87,"column":4},"end":{"line":87,"column":41}},"62":{"start":{"line":88,"column":4},"end":{"line":88,"column":40}},"63":{"start":{"line":89,"column":4},"end":{"line":89,"column":41}},"64":{"start":{"line":91,"column":2},"end":{"line":91,"column":13}},"65":{"start":{"line":94,"column":16},"end":{"line":105,"column":1}},"66":{"start":{"line":95,"column":15},"end":{"line":95,"column":50}},"67":{"start":{"line":96,"column":2},"end":{"line":104,"column":3}},"68":{"start":{"line":97,"column":22},"end":{"line":97,"column":27}},"69":{"start":{"line":98,"column":24},"end":{"line":98,"column":34}},"70":{"start":{"line":99,"column":18},"end":{"line":99,"column":34}},"71":{"start":{"line":100,"column":4},"end":{"line":100,"column":50}},"72":{"start":{"line":101,"column":4},"end":{"line":101,"column":19}},"73":{"start":{"line":102,"column":4},"end":{"line":102,"column":15}},"74":{"start":{"line":103,"column":4},"end":{"line":103,"column":22}},"75":{"start":{"line":107,"column":17},"end":{"line":113,"column":1}},"76":{"start":{"line":108,"column":2},"end":{"line":108,"column":19}},"77":{"start":{"line":109,"column":2},"end":{"line":109,"column":18}},"78":{"start":{"line":110,"column":15},"end":{"line":110,"column":50}},"79":{"start":{"line":111,"column":2},"end":{"line":111,"column":32}},"80":{"start":{"line":112,"column":2},"end":{"line":112,"column":15}},"81":{"start":{"line":115,"column":17},"end":{"line":129,"column":1}},"82":{"start":{"line":116,"column":15},"end":{"line":116,"column":50}},"83":{"start":{"line":117,"column":2},"end":{"line":128,"column":3}},"84":{"start":{"line":118,"column":4},"end":{"line":122,"column":7}},"85":{"start":{"line":119,"column":6},"end":{"line":121,"column":7}},"86":{"start":{"line":120,"column":8},"end":{"line":120,"column":52}},"87":{"start":{"line":121,"column":8},"end":{"line":121,"column":20}},"88":{"start":{"line":123,"column":4},"end":{"line":123,"column":19}},"89":{"start":{"line":124,"column":4},"end":{"line":124,"column":15}},"90":{"start":{"line":125,"column":4},"end":{"line":125,"column":22}},"91":{"start":{"line":126,"column":4},"end":{"line":126,"column":22}},"92":{"start":{"line":127,"column":4},"end":{"line":127,"column":20}},"93":{"start":{"line":131,"column":19},"end":{"line":139,"column":1}},"94":{"start":{"line":132,"column":2},"end":{"line":132,"column":32}},"95":{"start":{"line":133,"column":2},"end":{"line":137,"column":4}},"96":{"start":{"line":135,"column":6},"end":{"line":135,"column":84}},"97":{"start":{"line":138,"column":2},"end":{"line":138,"column":17}},"98":{"start":{"line":141,"column":21},"end":{"line":141,"column":36}},"99":{"start":{"line":141,"column":27},"end":{"line":141,"column":36}},"100":{"start":{"line":143,"column":23},"end":{"line":151,"column":1}},"101":{"start":{"line":144,"column":25},"end":{"line":144,"column":63}},"102":{"start":{"line":144,"column":48},"end":{"line":144,"column":62}},"103":{"start":{"line":145,"column":2},"end":{"line":150,"column":3}},"104":{"start":{"line":146,"column":4},"end":{"line":149,"column":7}},"105":{"start":{"line":147,"column":6},"end":{"line":147,"column":29}},"106":{"start":{"line":148,"column":6},"end":{"line":148,"column":23}},"107":{"start":{"line":156,"column":20},"end":{"line":156,"column":26}}},"fnMap":{"0":{"name":"(anonymous_0)","decl":{"start":{"line":6,"column":17},"end":{"line":6,"column":18}},"loc":{"start":{"line":6,"column":23},"end":{"line":8,"column":1}},"line":6},"1":{"name":"(anonymous_1)","decl":{"start":{"line":10,"column":16},"end":{"line":10,"column":17}},"loc":{"start":{"line":10,"column":22},"end":{"line":17,"column":1}},"line":10},"2":{"name":"(anonymous_2)","decl":{"start":{"line":18,"column":25},"end":{"line":18,"column":26}},"loc":{"start":{"line":18,"column":35},"end":{"line":26,"column":1}},"line":18},"3":{"name":"(anonymous_3)","decl":{"start":{"line":19,"column":20},"end":{"line":19,"column":21}},"loc":{"start":{"line":19,"column":31},"end":{"line":24,"column":3}},"line":19},"4":{"name":"(anonymous_4)","decl":{"start":{"line":28,"column":21},"end":{"line":28,"column":22}},"loc":{"start":{"line":28,"column":27},"end":{"line":92,"column":1}},"line":28},"5":{"name":"(anonymous_5)","decl":{"start":{"line":43,"column":40},"end":{"line":43,"column":41}},"loc":{"start":{"line":43,"column":46},"end":{"line":45,"column":5}},"line":43},"6":{"name":"(anonymous_6)","decl":{"start":{"line":61,"column":38},"end":{"line":61,"column":39}},"loc":{"start":{"line":61,"column":44},"end":{"line":63,"column":5}},"line":61},"7":{"name":"(anonymous_7)","decl":{"start":{"line":70,"column":40},"end":{"line":70,"column":41}},"loc":{"start":{"line":70,"column":46},"end":{"line":72,"column":5}},"line":70},"8":{"name":"(anonymous_8)","decl":{"start":{"line":78,"column":38},"end":{"line":78,"column":39}},"loc":{"start":{"line":78,"column":44},"end":{"line":81,"column":5}},"line":78},"9":{"name":"(anonymous_9)","decl":{"start":{"line":94,"column":16},"end":{"line":94,"column":17}},"loc":{"start":{"line":94,"column":22},"end":{"line":105,"column":1}},"line":94},"10":{"name":"(anonymous_10)","decl":{"start":{"line":107,"column":17},"end":{"line":107,"column":18}},"loc":{"start":{"line":107,"column":27},"end":{"line":113,"column":1}},"line":107},"11":{"name":"(anonymous_11)","decl":{"start":{"line":115,"column":17},"end":{"line":115,"column":18}},"loc":{"start":{"line":115,"column":23},"end":{"line":129,"column":1}},"line":115},"12":{"name":"(anonymous_12)","decl":{"start":{"line":118,"column":22},"end":{"line":118,"column":23}},"loc":{"start":{"line":118,"column":32},"end":{"line":122,"column":5}},"line":118},"13":{"name":"(anonymous_13)","decl":{"start":{"line":131,"column":19},"end":{"line":131,"column":20}},"loc":{"start":{"line":131,"column":31},"end":{"line":139,"column":1}},"line":131},"14":{"name":"(anonymous_14)","decl":{"start":{"line":134,"column":4},"end":{"line":134,"column":5}},"loc":{"start":{"line":135,"column":6},"end":{"line":135,"column":84}},"line":135},"15":{"name":"(anonymous_15)","decl":{"start":{"line":141,"column":21},"end":{"line":141,"column":22}},"loc":{"start":{"line":141,"column":27},"end":{"line":141,"column":36}},"line":141},"16":{"name":"(anonymous_16)","decl":{"start":{"line":143,"column":23},"end":{"line":143,"column":24}},"loc":{"start":{"line":143,"column":29},"end":{"line":151,"column":1}},"line":143},"17":{"name":"(anonymous_17)","decl":{"start":{"line":144,"column":38},"end":{"line":144,"column":39}},"loc":{"start":{"line":144,"column":48},"end":{"line":144,"column":62}},"line":144},"18":{"name":"(anonymous_18)","decl":{"start":{"line":146,"column":27},"end":{"line":146,"column":28}},"loc":{"start":{"line":146,"column":37},"end":{"line":149,"column":5}},"line":146}},"branchMap":{"0":{"loc":{"start":{"line":12,"column":2},"end":{"line":16,"column":3}},"type":"if","locations":[{"start":{"line":12,"column":2},"end":{"line":16,"column":3}},{"start":{"line":14,"column":9},"end":{"line":16,"column":3}}],"line":12},"1":{"loc":{"start":{"line":20,"column":4},"end":{"line":22,"column":5}},"type":"if","locations":[{"start":{"line":20,"column":4},"end":{"line":22,"column":5}},{"start":{},"end":{}}],"line":20},"2":{"loc":{"start":{"line":96,"column":2},"end":{"line":104,"column":3}},"type":"if","locations":[{"start":{"line":96,"column":2},"end":{"line":104,"column":3}},{"start":{},"end":{}}],"line":96},"3":{"loc":{"start":{"line":117,"column":2},"end":{"line":128,"column":3}},"type":"if","locations":[{"start":{"line":117,"column":2},"end":{"line":128,"column":3}},{"start":{},"end":{}}],"line":117},"4":{"loc":{"start":{"line":119,"column":6},"end":{"line":121,"column":7}},"type":"if","locations":[{"start":{"line":119,"column":6},"end":{"line":121,"column":7}},{"start":{},"end":{}}],"line":119},"5":{"loc":{"start":{"line":145,"column":2},"end":{"line":150,"column":3}},"type":"if","locations":[{"start":{"line":145,"column":2},"end":{"line":150,"column":3}},{"start":{},"end":{}}],"line":145}},"s":{"0":1,"1":1,"2":1,"3":1,"4":6,"5":1,"6":0,"7":0,"8":0,"9":0,"10":1,"11":0,"12":0,"13":0,"14":0,"15":0,"16":1,"17":4,"18":4,"19":4,"20":4,"21":4,"22":4,"23":4,"24":4,"25":4,"26":4,"27":4,"28":4,"29":4,"30":0,"31":4,"32":4,"33":4,"34":4,"35":4,"36":4,"37":4,"38":4,"39":4,"40":4,"41":4,"42":4,"43":0,"44":4,"45":4,"46":4,"47":4,"48":4,"49":4,"50":0,"51":4,"52":4,"53":4,"54":4,"55":4,"56":0,"57":0,"58":4,"59":4,"60":4,"61":4,"62":4,"63":4,"64":4,"65":1,"66":3,"67":3,"68":2,"69":2,"70":2,"71":2,"72":2,"73":2,"74":2,"75":1,"76":0,"77":0,"78":0,"79":0,"80":0,"81":1,"82":0,"83":0,"84":0,"85":0,"86":0,"87":0,"88":0,"89":0,"90":0,"91":0,"92":0,"93":1,"94":2,"95":2,"96":1,"97":2,"98":1,"99":0,"100":1,"101":0,"102":0,"103":0,"104":0,"105":0,"106":0,"107":1},"f":{"0":6,"1":0,"2":0,"3":0,"4":4,"5":0,"6":0,"7":0,"8":0,"9":3,"10":0,"11":0,"12":0,"13":2,"14":1,"15":0,"16":0,"17":0,"18":0},"b":{"0":[0,0],"1":[0,0],"2":[2,1],"3":[0,0],"4":[0,0],"5":[0,0]},"_coverageSchema":"1a1c01bbd47fc00a2c39e90264f33305004495a9","hash":"06e37498195fc5c9dbc235ba8ef5d4d81bee58cd"}
}
