TN:
SF:src/functions.js
FN:6,(anonymous_0)
FN:10,(anonymous_1)
FN:18,(anonymous_2)
FN:19,(anonymous_3)
FN:28,(anonymous_4)
FN:43,(anonymous_5)
FN:61,(anonymous_6)
FN:70,(anonymous_7)
FN:78,(anonymous_8)
FN:94,(anonymous_9)
FN:107,(anonymous_10)
FN:115,(anonymous_11)
FN:118,(anonymous_12)
FN:131,(anonymous_13)
FN:134,(anonymous_14)
FN:141,(anonymous_15)
FN:143,(anonymous_16)
FN:144,(anonymous_17)
FN:146,(anonymous_18)
FN:153,(anonymous_19)
FN:155,(anonymous_20)
FN:157,(anonymous_21)
FN:159,(anonymous_22)
FN:160,(anonymous_23)
FNF:24
FNH:14
FNDA:21,(anonymous_0)
FNDA:0,(anonymous_1)
FNDA:0,(anonymous_2)
FNDA:0,(anonymous_3)
FNDA:12,(anonymous_4)
FNDA:0,(anonymous_5)
FNDA:0,(anonymous_6)
FNDA:0,(anonymous_7)
FNDA:0,(anonymous_8)
FNDA:7,(anonymous_9)
FNDA:1,(anonymous_10)
FNDA:0,(anonymous_11)
FNDA:0,(anonymous_12)
FNDA:5,(anonymous_13)
FNDA:2,(anonymous_14)
FNDA:0,(anonymous_15)
FNDA:2,(anonymous_16)
FNDA:3,(anonymous_17)
FNDA:1,(anonymous_18)
FNDA:3,(anonymous_19)
FNDA:3,(anonymous_20)
FNDA:1,(anonymous_21)
FNDA:1,(anonymous_22)
FNDA:1,(anonymous_23)
DA:3,1
DA:4,1
DA:5,1
DA:6,1
DA:7,21
DA:10,1
DA:11,0
DA:12,0
DA:13,0
DA:15,0
DA:18,1
DA:19,0
DA:20,0
DA:21,0
DA:23,0
DA:25,0
DA:28,1
DA:29,12
DA:30,12
DA:31,12
DA:32,11
DA:33,11
DA:36,11
DA:37,11
DA:39,11
DA:40,11
DA:41,11
DA:42,11
DA:43,11
DA:44,0
DA:47,11
DA:48,11
DA:50,11
DA:51,11
DA:54,11
DA:55,11
DA:56,11
DA:57,11
DA:58,11
DA:59,11
DA:60,11
DA:61,11
DA:62,0
DA:65,11
DA:66,11
DA:67,11
DA:68,11
DA:69,11
DA:70,11
DA:71,0
DA:74,11
DA:75,11
DA:76,11
DA:77,11
DA:78,11
DA:79,0
DA:80,0
DA:83,11
DA:84,11
DA:85,11
DA:87,11
DA:88,11
DA:89,11
DA:91,12
DA:94,1
DA:95,7
DA:96,7
DA:97,6
DA:98,6
DA:99,6
DA:100,6
DA:101,6
DA:102,6
DA:103,6
DA:107,1
DA:108,1
DA:109,1
DA:110,1
DA:111,1
DA:112,1
DA:115,1
DA:116,0
DA:117,0
DA:118,0
DA:119,0
DA:120,0
DA:121,0
DA:123,0
DA:124,0
DA:125,0
DA:126,0
DA:127,0
DA:131,1
DA:132,5
DA:133,5
DA:135,2
DA:138,5
DA:141,1
DA:143,1
DA:144,3
DA:145,2
DA:146,1
DA:147,1
DA:148,1
DA:153,3
DA:155,3
DA:157,1
DA:159,1
DA:160,1
DA:167,1
LF:110
LH:85
BRDA:12,0,0,0
BRDA:12,0,1,0
BRDA:20,1,0,0
BRDA:20,1,1,0
BRDA:96,2,0,6
BRDA:96,2,1,1
BRDA:117,3,0,0
BRDA:117,3,1,0
BRDA:119,4,0,0
BRDA:119,4,1,0
BRDA:145,5,0,1
BRDA:145,5,1,1
BRF:12
BRH:4
end_of_record
